<?xml version="1.0" encoding="UTF-8"?>
<!-- Generated by org.testng.reporters.JUnitXMLReporter -->
<testsuite ignored="0" hostname="LTIN485618" failures="0" tests="6" name="chromeTest" time="44.709" errors="0" timestamp="2024-02-28T18:37:53 IST">
  <testcase classname="TestCases.TC_001_BikeDetails" name="Verify_WebPage" time="0.317"/>
  <testcase classname="TestCases.TC_001_BikeDetails" name="Verify_BikeDetails" time="8.103"/>
  <testcase classname="TestCases.TC_002_UsedCarsDetails" name="Verify_WebPage" time="0.076"/>
  <testcase classname="TestCases.TC_002_UsedCarsDetails" name="Verify_UsedCarsDetails" time="5.443"/>
  <testcase classname="TestCases.TC_003_LoginPage" name="Verify_WebPage" time="0.01"/>
  <testcase classname="TestCases.TC_003_LoginPage" name="verify_Login" time="7.709"/>
</testsuite> <!-- chromeTest -->
