<?xml version="1.0" encoding="UTF-8"?>
<testng-results ignored="0" total="6" passed="6" failed="0" skipped="0">
  <reporter-output>
  </reporter-output>
  <suite started-at="2024-02-28T18:37:09 IST" name="Suite" finished-at="2024-02-28T18:37:53 IST" duration-ms="44709">
    <groups>
      <group name="smoke">
        <method signature="TC_001_BikeDetails.Verify_WebPage()[pri:0, instance:TestCases.TC_001_BikeDetails@4efac082]" name="Verify_WebPage" class="TestCases.TC_001_BikeDetails"/>
        <method signature="TC_002_UsedCarsDetails.Verify_WebPage()[pri:2, instance:TestCases.TC_002_UsedCarsDetails@53aac487]" name="Verify_WebPage" class="TestCases.TC_002_UsedCarsDetails"/>
        <method signature="TC_003_LoginPage.Verify_WebPage()[pri:5, instance:TestCases.TC_003_LoginPage@52b1beb6]" name="Verify_WebPage" class="TestCases.TC_003_LoginPage"/>
        <method signature="TC_003_LoginPage.verify_Login()[pri:6, instance:TestCases.TC_003_LoginPage@52b1beb6]" name="verify_Login" class="TestCases.TC_003_LoginPage"/>
      </group> <!-- smoke -->
      <group name="sanity">
        <method signature="TC_001_BikeDetails.Verify_BikeDetails()[pri:1, instance:TestCases.TC_001_BikeDetails@4efac082]" name="Verify_BikeDetails" class="TestCases.TC_001_BikeDetails"/>
        <method signature="TC_002_UsedCarsDetails.Verify_UsedCarsDetails()[pri:3, instance:TestCases.TC_002_UsedCarsDetails@53aac487]" name="Verify_UsedCarsDetails" class="TestCases.TC_002_UsedCarsDetails"/>
      </group> <!-- sanity -->
      <group name="master">
        <method signature="TC_001_BikeDetails.Verify_WebPage()[pri:0, instance:TestCases.TC_001_BikeDetails@4efac082]" name="Verify_WebPage" class="TestCases.TC_001_BikeDetails"/>
        <method signature="TC_001_BikeDetails.Verify_BikeDetails()[pri:1, instance:TestCases.TC_001_BikeDetails@4efac082]" name="Verify_BikeDetails" class="TestCases.TC_001_BikeDetails"/>
        <method signature="TC_002_UsedCarsDetails.Verify_WebPage()[pri:2, instance:TestCases.TC_002_UsedCarsDetails@53aac487]" name="Verify_WebPage" class="TestCases.TC_002_UsedCarsDetails"/>
        <method signature="TC_002_UsedCarsDetails.Verify_UsedCarsDetails()[pri:3, instance:TestCases.TC_002_UsedCarsDetails@53aac487]" name="Verify_UsedCarsDetails" class="TestCases.TC_002_UsedCarsDetails"/>
        <method signature="TC_003_LoginPage.Verify_WebPage()[pri:5, instance:TestCases.TC_003_LoginPage@52b1beb6]" name="Verify_WebPage" class="TestCases.TC_003_LoginPage"/>
        <method signature="TC_003_LoginPage.verify_Login()[pri:6, instance:TestCases.TC_003_LoginPage@52b1beb6]" name="verify_Login" class="TestCases.TC_003_LoginPage"/>
      </group> <!-- master -->
    </groups>
    <test started-at="2024-02-28T18:37:09 IST" name="chromeTest" finished-at="2024-02-28T18:37:53 IST" duration-ms="44709">
      <class name="TestCases.TC_002_UsedCarsDetails">
        <test-method is-config="true" signature="setup(java.lang.String,java.lang.String)[pri:0, instance:TestCases.TC_002_UsedCarsDetails@53aac487]" started-at="2024-02-28T18:37:26 IST" name="setup" finished-at="2024-02-28T18:37:30 IST" duration-ms="4210" status="PASS">
          <params>
            <param index="0">
              <value>
                <![CDATA[chrome]]>
              </value>
            </param>
            <param index="1">
              <value>
                <![CDATA[windows]]>
              </value>
            </param>
          </params>
          <reporter-output>
          </reporter-output>
        </test-method> <!-- setup -->
        <test-method signature="Verify_WebPage()[pri:2, instance:TestCases.TC_002_UsedCarsDetails@53aac487]" started-at="2024-02-28T18:37:30 IST" name="Verify_WebPage" finished-at="2024-02-28T18:37:30 IST" duration-ms="76" status="PASS">
          <reporter-output>
          </reporter-output>
        </test-method> <!-- Verify_WebPage -->
        <test-method signature="Verify_UsedCarsDetails()[pri:3, instance:TestCases.TC_002_UsedCarsDetails@53aac487]" started-at="2024-02-28T18:37:31 IST" name="Verify_UsedCarsDetails" finished-at="2024-02-28T18:37:36 IST" depends-on-methods="TestCases.TC_002_UsedCarsDetails.Verify_WebPage" duration-ms="5443" status="PASS">
          <reporter-output>
          </reporter-output>
        </test-method> <!-- Verify_UsedCarsDetails -->
        <test-method is-config="true" signature="tearDown()[pri:0, instance:TestCases.TC_002_UsedCarsDetails@53aac487]" started-at="2024-02-28T18:37:36 IST" name="tearDown" finished-at="2024-02-28T18:37:38 IST" duration-ms="1152" status="PASS">
          <reporter-output>
          </reporter-output>
        </test-method> <!-- tearDown -->
      </class> <!-- TestCases.TC_002_UsedCarsDetails -->
      <class name="TestCases.TC_001_BikeDetails">
        <test-method is-config="true" signature="setup(java.lang.String,java.lang.String)[pri:0, instance:TestCases.TC_001_BikeDetails@4efac082]" started-at="2024-02-28T18:37:09 IST" name="setup" finished-at="2024-02-28T18:37:16 IST" duration-ms="7041" status="PASS">
          <params>
            <param index="0">
              <value>
                <![CDATA[chrome]]>
              </value>
            </param>
            <param index="1">
              <value>
                <![CDATA[windows]]>
              </value>
            </param>
          </params>
          <reporter-output>
          </reporter-output>
        </test-method> <!-- setup -->
        <test-method signature="Verify_WebPage()[pri:0, instance:TestCases.TC_001_BikeDetails@4efac082]" started-at="2024-02-28T18:37:16 IST" name="Verify_WebPage" finished-at="2024-02-28T18:37:16 IST" duration-ms="317" status="PASS">
          <reporter-output>
          </reporter-output>
        </test-method> <!-- Verify_WebPage -->
        <test-method signature="Verify_BikeDetails()[pri:1, instance:TestCases.TC_001_BikeDetails@4efac082]" started-at="2024-02-28T18:37:17 IST" name="Verify_BikeDetails" finished-at="2024-02-28T18:37:25 IST" depends-on-methods="TestCases.TC_001_BikeDetails.Verify_WebPage" duration-ms="8103" status="PASS">
          <reporter-output>
          </reporter-output>
        </test-method> <!-- Verify_BikeDetails -->
        <test-method is-config="true" signature="tearDown()[pri:0, instance:TestCases.TC_001_BikeDetails@4efac082]" started-at="2024-02-28T18:37:25 IST" name="tearDown" finished-at="2024-02-28T18:37:26 IST" duration-ms="1097" status="PASS">
          <reporter-output>
          </reporter-output>
        </test-method> <!-- tearDown -->
      </class> <!-- TestCases.TC_001_BikeDetails -->
      <class name="TestCases.TC_003_LoginPage">
        <test-method is-config="true" signature="setup(java.lang.String,java.lang.String)[pri:0, instance:TestCases.TC_003_LoginPage@52b1beb6]" started-at="2024-02-28T18:37:38 IST" name="setup" finished-at="2024-02-28T18:37:44 IST" duration-ms="6519" status="PASS">
          <params>
            <param index="0">
              <value>
                <![CDATA[chrome]]>
              </value>
            </param>
            <param index="1">
              <value>
                <![CDATA[windows]]>
              </value>
            </param>
          </params>
          <reporter-output>
          </reporter-output>
        </test-method> <!-- setup -->
        <test-method signature="Verify_WebPage()[pri:5, instance:TestCases.TC_003_LoginPage@52b1beb6]" started-at="2024-02-28T18:37:44 IST" name="Verify_WebPage" finished-at="2024-02-28T18:37:44 IST" duration-ms="10" status="PASS">
          <reporter-output>
          </reporter-output>
        </test-method> <!-- Verify_WebPage -->
        <test-method signature="verify_Login()[pri:6, instance:TestCases.TC_003_LoginPage@52b1beb6]" started-at="2024-02-28T18:37:44 IST" name="verify_Login" finished-at="2024-02-28T18:37:52 IST" depends-on-methods="TestCases.TC_003_LoginPage.Verify_WebPage" duration-ms="7709" status="PASS">
          <reporter-output>
          </reporter-output>
        </test-method> <!-- verify_Login -->
        <test-method is-config="true" signature="tearDown()[pri:0, instance:TestCases.TC_003_LoginPage@52b1beb6]" started-at="2024-02-28T18:37:52 IST" name="tearDown" finished-at="2024-02-28T18:37:53 IST" duration-ms="1145" status="PASS">
          <reporter-output>
          </reporter-output>
        </test-method> <!-- tearDown -->
      </class> <!-- TestCases.TC_003_LoginPage -->
    </test> <!-- chromeTest -->
  </suite> <!-- Suite -->
</testng-results>
